  main.cpp
  SelectSet.cpp
c:\program files (x86)\microsoft visual studio\2017\professional\vc\tools\msvc\14.14.26428\include\unordered_map(133): error C2280: “std::hash<_Kty>::hash(const std::hash<_Kty> &)”: 尝试引用已删除的函数
          with
          [
              _Kty=const std::_Tree_iterator<std::_Tree_val<std::_Tree_simple_types<std::pair<const char,std::vector<char,std::allocator<char>>>>>>
          ]
  c:\program files (x86)\microsoft visual studio\2017\professional\vc\tools\msvc\14.14.26428\include\type_traits(2392): note: 编译器已在此处生成“std::hash<_Kty>::hash”
          with
          [
              _Kty=const std::_Tree_iterator<std::_Tree_val<std::_Tree_simple_types<std::pair<const char,std::vector<char,std::allocator<char>>>>>>
          ]
  c:\program files (x86)\microsoft visual studio\2017\professional\vc\tools\msvc\14.14.26428\include\unordered_map(132): note: 编译 类 模板 成员函数 "std::unordered_map<const std::_Tree_iterator<std::_Tree_val<std::_Tree_simple_types<_Ty>>>,std::set<char,std::less<_Kty>,std::allocator<char>>,std::hash<const std::_Tree_iterator<std::_Tree_val<std::_Tree_simple_types<_Ty>>>>,std::equal_to<const std::_Tree_iterator<std::_Tree_val<std::_Tree_simple_types<_Ty>>>>,std::allocator<std::pair<const std::_Tree_iterator<std::_Tree_val<std::_Tree_simple_types<_Ty>>>,std::set<_Kty,std::less<_Kty>,std::allocator<char>>>>>::unordered_map(void)" 时
          with
          [
              _Ty=std::pair<const char,std::vector<char,std::allocator<char>>>,
              _Kty=char
          ]
  c:\users\muzha\source\repos\ll(1)\ll(1)\selectset.cpp(6): note: 参见对正在编译的函数 模板 实例化“std::unordered_map<const std::_Tree_iterator<std::_Tree_val<std::_Tree_simple_types<_Ty>>>,std::set<char,std::less<_Kty>,std::allocator<char>>,std::hash<const std::_Tree_iterator<std::_Tree_val<std::_Tree_simple_types<_Ty>>>>,std::equal_to<const std::_Tree_iterator<std::_Tree_val<std::_Tree_simple_types<_Ty>>>>,std::allocator<std::pair<const std::_Tree_iterator<std::_Tree_val<std::_Tree_simple_types<_Ty>>>,std::set<_Kty,std::less<_Kty>,std::allocator<char>>>>>::unordered_map(void)”的引用
          with
          [
              _Ty=std::pair<const char,std::vector<char,std::allocator<char>>>,
              _Kty=char
          ]
  c:\users\muzha\source\repos\ll(1)\ll(1)\selectset.h(18): note: 参见对正在编译的 类 模板 实例化 "std::unordered_map<const std::_Tree_iterator<std::_Tree_val<std::_Tree_simple_types<_Ty>>>,std::set<char,std::less<_Kty>,std::allocator<char>>,std::hash<const std::_Tree_iterator<std::_Tree_val<std::_Tree_simple_types<_Ty>>>>,std::equal_to<const std::_Tree_iterator<std::_Tree_val<std::_Tree_simple_types<_Ty>>>>,std::allocator<std::pair<const std::_Tree_iterator<std::_Tree_val<std::_Tree_simple_types<_Ty>>>,std::set<_Kty,std::less<_Kty>,std::allocator<char>>>>>" 的引用
          with
          [
              _Ty=std::pair<const char,std::vector<char,std::allocator<char>>>,
              _Kty=char
          ]
  c:\program files (x86)\microsoft visual studio\2017\professional\vc\tools\msvc\14.14.26428\include\type_traits(2392): note: “std::hash<_Kty>::hash(const std::hash<_Kty> &)”: 因为 基类 调用已删除或不可访问的函数“std::_Conditionally_enabled_hash<_Kty,false>::_Conditionally_enabled_hash(const std::_Conditionally_enabled_hash<_Kty,false> &)”，所以已隐式删除函数
          with
          [
              _Kty=const std::_Tree_iterator<std::_Tree_val<std::_Tree_simple_types<std::pair<const char,std::vector<char,std::allocator<char>>>>>>
          ]
  c:\program files (x86)\microsoft visual studio\2017\professional\vc\tools\msvc\14.14.26428\include\type_traits(2376): note: “std::_Conditionally_enabled_hash<_Kty,false>::_Conditionally_enabled_hash(const std::_Conditionally_enabled_hash<_Kty,false> &)”: 已显式删除函数
          with
          [
              _Kty=const std::_Tree_iterator<std::_Tree_val<std::_Tree_simple_types<std::pair<const char,std::vector<char,std::allocator<char>>>>>>
          ]
  正在生成代码...
